<?xml version="1.0" encoding="UTF-8"?>
<!-- Generated by org.testng.reporters.JUnitXMLReporter -->
<testsuite hostname="B-Windows10-Sel" name="Command line test" tests="1" failures="0" timestamp="11 Jan 2017 12:31:21 GMT" time="0.082" errors="0">
  <testcase name="@BeforeMethod initialize" time="0.0" classname="testcases.AddEmployee$AddEmployeeTest">
    <failure type="org.testng.TestNGException" message="
Parameter &amp;apos;browser&amp;apos; is required by @Configuration on method initialize but has not been marked @Optional or defined
">
      <![CDATA[org.testng.TestNGException: 
Parameter 'browser' is required by @Configuration on method initialize but has not been marked @Optional or defined

	at testcases.Main.main(Main.java:11)
... Removed 20 stack frames]]>
    </failure>
  </testcase> <!-- @BeforeMethod initialize -->
  <testcase name="@AfterMethod tearDown" time="0.0" classname="testcases.AddEmployee$AddEmployeeTest">
    <skipped/>
  </testcase> <!-- @AfterMethod tearDown -->
  <testcase name="AddNoDiscount" time="0.024" classname="testcases.AddEmployee$AddEmployeeTest">
    <skipped/>
  </testcase> <!-- AddNoDiscount -->
</testsuite> <!-- Command line test -->
